0 info it worked if it ends with ok
1 verbose cli [ '/usr/local/bin/node', '/usr/local/bin/npm', 'run', 'build' ]
2 info using npm@3.10.10
3 info using node@v6.9.5
4 verbose run-script [ 'prebuild', 'build', 'postbuild' ]
5 info lifecycle starter@1.0.0~prebuild: starter@1.0.0
6 silly lifecycle starter@1.0.0~prebuild: no script for prebuild, continuing
7 info lifecycle starter@1.0.0~build: starter@1.0.0
8 verbose lifecycle starter@1.0.0~build: unsafe-perm in lifecycle true
9 verbose lifecycle starter@1.0.0~build: PATH: /usr/local/lib/node_modules/npm/bin/node-gyp-bin:/Users/jieya/Downloads/mocking/node_modules/.bin://anaconda/bin:/Library/Java/JavaVirtualMachines/jdk1.8.0_60.jdk/Contents/Home/bin:/usr/local/bin:/usr/local/bin:/usr/bin:/bin:/usr/sbin:/sbin:/opt/X11/bin:/Users/jieya/Documents/apache-maven-3.2.5/bin
10 verbose lifecycle starter@1.0.0~build: CWD: /Users/jieya/Downloads/mocking
11 silly lifecycle starter@1.0.0~build: Args: [ '-c', 'webpack -d' ]
12 info lifecycle starter@1.0.0~build: Failed to exec build script
13 verbose stack Error: starter@1.0.0 build: `webpack -d`
13 verbose stack spawn ENOENT
13 verbose stack     at ChildProcess.<anonymous> (/usr/local/lib/node_modules/npm/lib/utils/spawn.js:33:16)
13 verbose stack     at emitTwo (events.js:106:13)
13 verbose stack     at ChildProcess.emit (events.js:191:7)
13 verbose stack     at maybeClose (internal/child_process.js:877:16)
13 verbose stack     at Process.ChildProcess._handle.onexit (internal/child_process.js:226:5)
14 verbose pkgid starter@1.0.0
15 verbose cwd /Users/jieya/Downloads/mocking/e2e
16 error Darwin 14.5.0
17 error argv "/usr/local/bin/node" "/usr/local/bin/npm" "run" "build"
18 error node v6.9.5
19 error npm  v3.10.10
20 error file sh
21 error code ELIFECYCLE
22 error errno ENOENT
23 error syscall spawn
24 error starter@1.0.0 build: `webpack -d`
24 error spawn ENOENT
25 error Failed at the starter@1.0.0 build script 'webpack -d'.
25 error Make sure you have the latest version of node.js and npm installed.
25 error If you do, this is most likely a problem with the starter package,
25 error not with npm itself.
25 error Tell the author that this fails on your system:
25 error     webpack -d
25 error You can get information on how to open an issue for this project with:
25 error     npm bugs starter
25 error Or if that isn't available, you can get their info via:
25 error     npm owner ls starter
25 error There is likely additional logging output above.
26 verbose exit [ 1, true ]
